app/build/intermediates/manifest_merge_blame_file/release/manifest-merger-blame-release-report.txt
1<?xml version="1.0" encoding="utf-8"?>
2<manifest xmlns:android="http://schemas.android.com/apk/res/android"
3    package="com.aodmone.sormnilan"
4    android:versionCode="1"
5    android:versionName="1.0" >
6
7    <uses-sdk
8        android:minSdkVersion="21"
8-->src\main\AndroidManifest.xml
9        android:targetSdkVersion="32" />
9-->src\main\AndroidManifest.xml
10
11    <uses-feature android:name="android.hardware.camera" />
11-->[:vclibs] AndroidManifest.xml:9:5-60
11-->[:vclibs] AndroidManifest.xml:9:19-57
12    <uses-feature android:name="android.hardware.camera.front" />
12-->[:vclibs] AndroidManifest.xml:10:5-66
12-->[:vclibs] AndroidManifest.xml:10:19-63
13
14    <uses-permission android:name="android.permission.CAMERA" />
14-->[:vclibs] AndroidManifest.xml:12:5-65
14-->[:vclibs] AndroidManifest.xml:12:22-62
15
16    <uses-feature android:name="android.hardware.microphone" />
16-->[:vclibs] AndroidManifest.xml:14:5-64
16-->[:vclibs] AndroidManifest.xml:14:19-61
17
18    <uses-permission android:name="android.permission.RECORD_AUDIO" />
18-->[:vclibs] AndroidManifest.xml:16:5-71
18-->[:vclibs] AndroidManifest.xml:16:22-68
19    <uses-permission android:name="android.permission.MODIFY_AUDIO_SETTINGS" />
19-->[:vclibs] AndroidManifest.xml:17:5-80
19-->[:vclibs] AndroidManifest.xml:17:22-77
20    <uses-permission android:name="android.permission.BLUETOOTH" />
20-->[:vclibs] AndroidManifest.xml:18:5-68
20-->[:vclibs] AndroidManifest.xml:18:22-65
21    <uses-permission android:name="android.permission.BLUETOOTH_ADMIN" />
21-->[:vclibs] AndroidManifest.xml:19:5-74
21-->[:vclibs] AndroidManifest.xml:19:22-71
22    <uses-permission android:name="android.permission.INTERNET" />
22-->[:vclibs] AndroidManifest.xml:20:5-67
22-->[:vclibs] AndroidManifest.xml:20:22-64
23    <uses-permission android:name="android.permission.CHANGE_NETWORK_STATE" />
23-->[:vclibs] AndroidManifest.xml:21:5-79
23-->[:vclibs] AndroidManifest.xml:21:22-76
24    <uses-permission android:name="android.permission.ACCESS_NETWORK_STATE" />
24-->[:vclibs] AndroidManifest.xml:22:5-79
24-->[:vclibs] AndroidManifest.xml:22:22-76
25    <uses-permission android:name="android.permission.ACCESS_WIFI_STATE" />
25-->[:vclibs] AndroidManifest.xml:23:5-76
25-->[:vclibs] AndroidManifest.xml:23:22-73
26    <uses-permission android:name="android.permission.VIBRATE" />
26-->[:vclibs] AndroidManifest.xml:24:5-66
26-->[:vclibs] AndroidManifest.xml:24:22-63
27    <uses-permission android:name="android.permission.WAKE_LOCK" />
27-->[:vclibs] AndroidManifest.xml:25:5-68
27-->[:vclibs] AndroidManifest.xml:25:22-65
28    <uses-permission android:name="android.permission.FOREGROUND_SERVICE" /> <!-- Create a unique permission for your app and use it so only your app can receive your OneSignal messages. -->
28-->[:vclibs] AndroidManifest.xml:26:5-77
28-->[:vclibs] AndroidManifest.xml:26:22-74
29    <permission
29-->[com.onesignal:OneSignal:4.8.4] AndroidManifest.xml:7:5-9:47
30        android:name="com.aodmone.sormnilan.permission.C2D_MESSAGE"
30-->[com.onesignal:OneSignal:4.8.4] AndroidManifest.xml:8:9-63
31        android:protectionLevel="signature" />
31-->[com.onesignal:OneSignal:4.8.4] AndroidManifest.xml:9:9-44
32
33    <uses-permission android:name="com.aodmone.sormnilan.permission.C2D_MESSAGE" /> <!-- OneSignal SDK has runtime checks Android version. -->
33-->[com.onesignal:OneSignal:4.8.4] AndroidManifest.xml:11:5-79
33-->[com.onesignal:OneSignal:4.8.4] AndroidManifest.xml:11:22-76
34    <!-- <uses-sdk tools:overrideLibrary="android.support.customtabs"/> -->
35    <!-- Required runtime permission to display notifications on Android 13 -->
36    <uses-permission android:name="android.permission.POST_NOTIFICATIONS" /> <!-- c2dm RECEIVE are basic requirements for push messages through Google's FCM -->
36-->[com.onesignal:OneSignal:4.8.4] AndroidManifest.xml:16:5-77
36-->[com.onesignal:OneSignal:4.8.4] AndroidManifest.xml:16:22-74
37    <uses-permission android:name="com.google.android.c2dm.permission.RECEIVE" />
37-->[com.onesignal:OneSignal:4.8.4] AndroidManifest.xml:18:5-82
37-->[com.onesignal:OneSignal:4.8.4] AndroidManifest.xml:18:22-79
38    <!--
39 Use to restore notifications the user hasn't interacted with.
40         They could be missed notifications if the user reboots their device if this isn't in place.
41    -->
42    <uses-permission android:name="android.permission.RECEIVE_BOOT_COMPLETED" /> <!-- START: ShortcutBadger -->
42-->[com.onesignal:OneSignal:4.8.4] AndroidManifest.xml:30:5-81
42-->[com.onesignal:OneSignal:4.8.4] AndroidManifest.xml:30:22-78
43    <!-- Samsung -->
44    <uses-permission android:name="com.sec.android.provider.badge.permission.READ" />
44-->[com.onesignal:OneSignal:4.8.4] AndroidManifest.xml:32:5-86
44-->[com.onesignal:OneSignal:4.8.4] AndroidManifest.xml:32:22-83
45    <uses-permission android:name="com.sec.android.provider.badge.permission.WRITE" /> <!-- HTC -->
45-->[com.onesignal:OneSignal:4.8.4] AndroidManifest.xml:33:5-87
45-->[com.onesignal:OneSignal:4.8.4] AndroidManifest.xml:33:22-84
46    <uses-permission android:name="com.htc.launcher.permission.READ_SETTINGS" />
46-->[com.onesignal:OneSignal:4.8.4] AndroidManifest.xml:34:5-81
46-->[com.onesignal:OneSignal:4.8.4] AndroidManifest.xml:34:22-78
47    <uses-permission android:name="com.htc.launcher.permission.UPDATE_SHORTCUT" /> <!-- Sony -->
47-->[com.onesignal:OneSignal:4.8.4] AndroidManifest.xml:35:5-83
47-->[com.onesignal:OneSignal:4.8.4] AndroidManifest.xml:35:22-80
48    <uses-permission android:name="com.sonyericsson.home.permission.BROADCAST_BADGE" />
48-->[com.onesignal:OneSignal:4.8.4] AndroidManifest.xml:36:5-88
48-->[com.onesignal:OneSignal:4.8.4] AndroidManifest.xml:36:22-85
49    <uses-permission android:name="com.sonymobile.home.permission.PROVIDER_INSERT_BADGE" /> <!-- Apex -->
49-->[com.onesignal:OneSignal:4.8.4] AndroidManifest.xml:37:5-92
49-->[com.onesignal:OneSignal:4.8.4] AndroidManifest.xml:37:22-89
50    <uses-permission android:name="com.anddoes.launcher.permission.UPDATE_COUNT" /> <!-- Solid -->
50-->[com.onesignal:OneSignal:4.8.4] AndroidManifest.xml:38:5-84
50-->[com.onesignal:OneSignal:4.8.4] AndroidManifest.xml:38:22-81
51    <uses-permission android:name="com.majeur.launcher.permission.UPDATE_BADGE" /> <!-- Huawei -->
51-->[com.onesignal:OneSignal:4.8.4] AndroidManifest.xml:39:5-83
51-->[com.onesignal:OneSignal:4.8.4] AndroidManifest.xml:39:22-80
52    <uses-permission android:name="com.huawei.android.launcher.permission.CHANGE_BADGE" />
52-->[com.onesignal:OneSignal:4.8.4] AndroidManifest.xml:40:5-91
52-->[com.onesignal:OneSignal:4.8.4] AndroidManifest.xml:40:22-88
53    <uses-permission android:name="com.huawei.android.launcher.permission.READ_SETTINGS" />
53-->[com.onesignal:OneSignal:4.8.4] AndroidManifest.xml:41:5-92
53-->[com.onesignal:OneSignal:4.8.4] AndroidManifest.xml:41:22-89
54    <uses-permission android:name="com.huawei.android.launcher.permission.WRITE_SETTINGS" /> <!-- ZUK -->
54-->[com.onesignal:OneSignal:4.8.4] AndroidManifest.xml:42:5-93
54-->[com.onesignal:OneSignal:4.8.4] AndroidManifest.xml:42:22-90
55    <uses-permission android:name="android.permission.READ_APP_BADGE" /> <!-- OPPO -->
55-->[com.onesignal:OneSignal:4.8.4] AndroidManifest.xml:43:5-73
55-->[com.onesignal:OneSignal:4.8.4] AndroidManifest.xml:43:22-70
56    <uses-permission android:name="com.oppo.launcher.permission.READ_SETTINGS" />
56-->[com.onesignal:OneSignal:4.8.4] AndroidManifest.xml:44:5-82
56-->[com.onesignal:OneSignal:4.8.4] AndroidManifest.xml:44:22-79
57    <uses-permission android:name="com.oppo.launcher.permission.WRITE_SETTINGS" /> <!-- EvMe -->
57-->[com.onesignal:OneSignal:4.8.4] AndroidManifest.xml:45:5-83
57-->[com.onesignal:OneSignal:4.8.4] AndroidManifest.xml:45:22-80
58    <uses-permission android:name="me.everything.badger.permission.BADGE_COUNT_READ" />
58-->[com.onesignal:OneSignal:4.8.4] AndroidManifest.xml:46:5-88
58-->[com.onesignal:OneSignal:4.8.4] AndroidManifest.xml:46:22-85
59    <uses-permission android:name="me.everything.badger.permission.BADGE_COUNT_WRITE" />
59-->[com.onesignal:OneSignal:4.8.4] AndroidManifest.xml:47:5-89
59-->[com.onesignal:OneSignal:4.8.4] AndroidManifest.xml:47:22-86
60
61    <queries>
61-->[com.facebook.android:audience-network-sdk:6.12.0] AndroidManifest.xml:11:5-13:15
62        <package android:name="com.facebook.katana" />
62-->[com.facebook.android:audience-network-sdk:6.12.0] AndroidManifest.xml:12:9-55
62-->[com.facebook.android:audience-network-sdk:6.12.0] AndroidManifest.xml:12:18-52
63        <!-- For browser content -->
64        <intent>
64-->[com.google.android.gms:play-services-ads-lite:21.2.0] AndroidManifest.xml:31:9-37:18
65            <action android:name="android.intent.action.VIEW" />
65-->[com.onesignal:OneSignal:4.8.4] AndroidManifest.xml:77:17-69
65-->[com.onesignal:OneSignal:4.8.4] AndroidManifest.xml:77:25-66
66
67            <category android:name="android.intent.category.BROWSABLE" />
67-->[com.google.android.gms:play-services-ads-lite:21.2.0] AndroidManifest.xml:34:13-74
67-->[com.google.android.gms:play-services-ads-lite:21.2.0] AndroidManifest.xml:34:23-71
68
69            <data android:scheme="https" />
69-->[com.google.android.gms:play-services-ads-lite:21.2.0] AndroidManifest.xml:36:13-44
69-->[com.google.android.gms:play-services-ads-lite:21.2.0] AndroidManifest.xml:36:19-41
70        </intent> <!-- End of browser content -->
71        <!-- For CustomTabsService -->
72        <intent>
72-->[com.google.android.gms:play-services-ads-lite:21.2.0] AndroidManifest.xml:40:9-42:18
73            <action android:name="android.support.customtabs.action.CustomTabsService" />
73-->[com.google.android.gms:play-services-ads-lite:21.2.0] AndroidManifest.xml:41:13-90
73-->[com.google.android.gms:play-services-ads-lite:21.2.0] AndroidManifest.xml:41:21-87
74        </intent>
75    </queries>
76
77    <uses-permission android:name="com.google.android.gms.permission.AD_ID" />
77-->[com.facebook.android:audience-network-sdk:6.12.0] AndroidManifest.xml:17:5-79
77-->[com.facebook.android:audience-network-sdk:6.12.0] AndroidManifest.xml:17:22-76
78
79    <application
79-->src\main\AndroidManifest.xml:7:5-29:19
80        android:name="com.gerop.mpsvue.AppVC"
80-->[:vclibs] AndroidManifest.xml:29:9-46
81        android:allowBackup="true"
81-->src\main\AndroidManifest.xml:8:9-35
82        android:appComponentFactory="androidx.core.app.CoreComponentFactory"
82-->[androidx.core:core:1.8.0] AndroidManifest.xml:24:18-86
83        android:hardwareAccelerated="true"
83-->src\main\AndroidManifest.xml:9:9-43
84        android:icon="@drawable/logo"
84-->src\main\AndroidManifest.xml:10:9-38
85        android:label="@string/app_name"
85-->src\main\AndroidManifest.xml:11:9-41
86        android:largeHeap="true"
86-->src\main\AndroidManifest.xml:12:9-33
87        android:networkSecurityConfig="@xml/sdk_captive_portal_network_security"
87-->[com.github.AnchorFreePartner.hydra-sdk-android:sdk-core:3.6.3] AndroidManifest.xml:16:9-81
88        android:roundIcon="@drawable/logo"
88-->[:vclibs] AndroidManifest.xml:33:9-43
89        android:screenOrientation="portrait"
89-->src\main\AndroidManifest.xml:13:9-45
90        android:supportsRtl="true"
90-->src\main\AndroidManifest.xml:14:9-35
91        android:theme="@style/Theme.DevStyVC"
91-->src\main\AndroidManifest.xml:15:9-46
92        android:usesCleartextTraffic="true" >
92-->src\main\AndroidManifest.xml:16:9-44
93        <activity
93-->src\main\AndroidManifest.xml:19:9-27:20
94            android:name="com.aodmone.sormnilan.Splash_Activity"
94-->src\main\AndroidManifest.xml:20:13-65
95            android:exported="true" >
95-->src\main\AndroidManifest.xml:21:13-36
96            <intent-filter>
96-->src\main\AndroidManifest.xml:22:13-25:29
97                <action android:name="android.intent.action.MAIN" />
97-->src\main\AndroidManifest.xml:23:17-69
97-->src\main\AndroidManifest.xml:23:25-66
98
99                <category android:name="android.intent.category.LAUNCHER" />
99-->src\main\AndroidManifest.xml:24:17-77
99-->src\main\AndroidManifest.xml:24:27-74
100            </intent-filter>
101        </activity>
102        <activity
102-->[:vclibs] AndroidManifest.xml:35:9-37:52
103            android:name="com.gerop.mpsvue.activties.PravacyPolicyActivity"
103-->[:vclibs] AndroidManifest.xml:36:13-76
104            android:screenOrientation="portrait" />
104-->[:vclibs] AndroidManifest.xml:37:13-49
105        <activity
105-->[:vclibs] AndroidManifest.xml:38:9-42:89
106            android:name="com.gerop.mpsvue.activties.MainHomeActivity"
106-->[:vclibs] AndroidManifest.xml:39:13-71
107            android:launchMode="singleTop"
107-->[:vclibs] AndroidManifest.xml:40:13-43
108            android:screenOrientation="portrait"
108-->[:vclibs] AndroidManifest.xml:41:13-49
109            android:windowSoftInputMode="adjustNothing|stateAlwaysHidden|stateHidden" />
109-->[:vclibs] AndroidManifest.xml:42:13-86
110        <activity
110-->[:vclibs] AndroidManifest.xml:43:9-47:89
111            android:name="com.gerop.mpsvue.activties.VideoPlayerActivity"
111-->[:vclibs] AndroidManifest.xml:44:13-74
112            android:launchMode="singleTop"
112-->[:vclibs] AndroidManifest.xml:45:13-43
113            android:screenOrientation="portrait"
113-->[:vclibs] AndroidManifest.xml:46:13-49
114            android:windowSoftInputMode="adjustNothing|stateAlwaysHidden|stateHidden" />
114-->[:vclibs] AndroidManifest.xml:47:13-86
115
116        <meta-data
116-->[:vclibs] AndroidManifest.xml:49:9-51:36
117            android:name="com.google.android.gms.ads.AD_MANAGER_APP"
117-->[:vclibs] AndroidManifest.xml:50:13-69
118            android:value="true" />
118-->[:vclibs] AndroidManifest.xml:51:13-33
119
120        <activity
120-->[:vclibs] AndroidManifest.xml:53:9-55:52
121            android:name="com.gerop.mpsvue.unitlity.TestActivity_1"
121-->[:vclibs] AndroidManifest.xml:54:13-68
122            android:screenOrientation="portrait" />
122-->[:vclibs] AndroidManifest.xml:55:13-49
123        <activity
123-->[:vclibs] AndroidManifest.xml:56:9-58:52
124            android:name="com.gerop.mpsvue.unitlity.TestActivity_2"
124-->[:vclibs] AndroidManifest.xml:57:13-68
125            android:screenOrientation="portrait" />
125-->[:vclibs] AndroidManifest.xml:58:13-49
126        <activity
126-->[:vclibs] AndroidManifest.xml:59:9-61:52
127            android:name="com.gerop.mpsvue.unitlity.TestActivity_3"
127-->[:vclibs] AndroidManifest.xml:60:13-68
128            android:screenOrientation="portrait" />
128-->[:vclibs] AndroidManifest.xml:61:13-49
129        <activity
129-->[:vclibs] AndroidManifest.xml:62:9-64:52
130            android:name="com.gerop.mpsvue.unitlity.TestActivity_4"
130-->[:vclibs] AndroidManifest.xml:63:13-68
131            android:screenOrientation="portrait" />
131-->[:vclibs] AndroidManifest.xml:64:13-49
132        <activity
132-->[:vclibs] AndroidManifest.xml:65:9-67:52
133            android:name="com.gerop.mpsvue.unitlity.TestActivity_5"
133-->[:vclibs] AndroidManifest.xml:66:13-68
134            android:screenOrientation="portrait" />
134-->[:vclibs] AndroidManifest.xml:67:13-49
135        <activity
135-->[:vclibs] AndroidManifest.xml:68:9-70:52
136            android:name="com.gerop.mpsvue.unitlity.TestActivity_6"
136-->[:vclibs] AndroidManifest.xml:69:13-68
137            android:screenOrientation="portrait" />
137-->[:vclibs] AndroidManifest.xml:70:13-49
138        <activity
138-->[:vclibs] AndroidManifest.xml:71:9-73:52
139            android:name="com.gerop.mpsvue.unitlity.TestActivity_7"
139-->[:vclibs] AndroidManifest.xml:72:13-68
140            android:screenOrientation="portrait" />
140-->[:vclibs] AndroidManifest.xml:73:13-49
141        <activity
141-->[:vclibs] AndroidManifest.xml:74:9-76:52
142            android:name="com.gerop.mpsvue.unitlity.TestActivity_8"
142-->[:vclibs] AndroidManifest.xml:75:13-68
143            android:screenOrientation="portrait" />
143-->[:vclibs] AndroidManifest.xml:76:13-49
144        <activity
144-->[:vclibs] AndroidManifest.xml:77:9-79:52
145            android:name="com.gerop.mpsvue.unitlity.TestActivity_9"
145-->[:vclibs] AndroidManifest.xml:78:13-68
146            android:screenOrientation="portrait" />
146-->[:vclibs] AndroidManifest.xml:79:13-49
147        <activity
147-->[:vclibs] AndroidManifest.xml:80:9-82:52
148            android:name="com.gerop.mpsvue.unitlity.TestActivity_10"
148-->[:vclibs] AndroidManifest.xml:81:13-69
149            android:screenOrientation="portrait" />
149-->[:vclibs] AndroidManifest.xml:82:13-49
150        <activity
150-->[pub.devrel:easypermissions:3.0.0] AndroidManifest.xml:12:9-16:66
151            android:name="pub.devrel.easypermissions.AppSettingsDialogHolderActivity"
151-->[pub.devrel:easypermissions:3.0.0] AndroidManifest.xml:13:13-86
152            android:exported="false"
152-->[pub.devrel:easypermissions:3.0.0] AndroidManifest.xml:14:13-37
153            android:label=""
153-->[pub.devrel:easypermissions:3.0.0] AndroidManifest.xml:15:13-29
154            android:theme="@style/EasyPermissions.Transparent" />
154-->[pub.devrel:easypermissions:3.0.0] AndroidManifest.xml:16:13-63
155
156        <receiver
156-->[com.onesignal:OneSignal:4.8.4] AndroidManifest.xml:50:9-61:20
157            android:name="com.onesignal.FCMBroadcastReceiver"
157-->[com.onesignal:OneSignal:4.8.4] AndroidManifest.xml:51:13-62
158            android:exported="true"
158-->[com.onesignal:OneSignal:4.8.4] AndroidManifest.xml:52:13-36
159            android:permission="com.google.android.c2dm.permission.SEND" >
159-->[com.onesignal:OneSignal:4.8.4] AndroidManifest.xml:53:13-73
160
161            <!-- High priority so OneSignal payloads can be filtered from other FCM receivers -->
162            <intent-filter android:priority="999" >
162-->[com.onesignal:OneSignal:4.8.4] AndroidManifest.xml:56:13-60:29
162-->[com.onesignal:OneSignal:4.8.4] AndroidManifest.xml:56:28-50
163                <action android:name="com.google.android.c2dm.intent.RECEIVE" />
163-->[com.onesignal:OneSignal:4.8.4] AndroidManifest.xml:57:17-81
163-->[com.onesignal:OneSignal:4.8.4] AndroidManifest.xml:57:25-78
164
165                <category android:name="com.aodmone.sormnilan" />
165-->[com.onesignal:OneSignal:4.8.4] AndroidManifest.xml:59:17-61
165-->[com.onesignal:OneSignal:4.8.4] AndroidManifest.xml:59:27-58
166            </intent-filter>
167        </receiver>
168
169        <service
169-->[com.onesignal:OneSignal:4.8.4] AndroidManifest.xml:63:9-69:19
170            android:name="com.onesignal.HmsMessageServiceOneSignal"
170-->[com.onesignal:OneSignal:4.8.4] AndroidManifest.xml:64:13-68
171            android:exported="false" >
171-->[com.onesignal:OneSignal:4.8.4] AndroidManifest.xml:65:13-37
172            <intent-filter>
172-->[com.onesignal:OneSignal:4.8.4] AndroidManifest.xml:66:13-68:29
173                <action android:name="com.huawei.push.action.MESSAGING_EVENT" />
173-->[com.onesignal:OneSignal:4.8.4] AndroidManifest.xml:67:17-81
173-->[com.onesignal:OneSignal:4.8.4] AndroidManifest.xml:67:25-78
174            </intent-filter>
175        </service>
176
177        <activity
177-->[com.onesignal:OneSignal:4.8.4] AndroidManifest.xml:71:9-79:20
178            android:name="com.onesignal.NotificationOpenedActivityHMS"
178-->[com.onesignal:OneSignal:4.8.4] AndroidManifest.xml:72:13-71
179            android:exported="true"
179-->[com.onesignal:OneSignal:4.8.4] AndroidManifest.xml:73:13-36
180            android:noHistory="true"
180-->[com.onesignal:OneSignal:4.8.4] AndroidManifest.xml:74:13-37
181            android:theme="@android:style/Theme.Translucent.NoTitleBar" >
181-->[com.onesignal:OneSignal:4.8.4] AndroidManifest.xml:75:13-72
182            <intent-filter>
182-->[com.onesignal:OneSignal:4.8.4] AndroidManifest.xml:76:13-78:29
183                <action android:name="android.intent.action.VIEW" />
183-->[com.onesignal:OneSignal:4.8.4] AndroidManifest.xml:77:17-69
183-->[com.onesignal:OneSignal:4.8.4] AndroidManifest.xml:77:25-66
184            </intent-filter>
185        </activity>
186
187        <service
187-->[com.onesignal:OneSignal:4.8.4] AndroidManifest.xml:81:9-83:40
188            android:name="com.onesignal.FCMIntentService"
188-->[com.onesignal:OneSignal:4.8.4] AndroidManifest.xml:82:13-58
189            android:exported="false" />
189-->[com.onesignal:OneSignal:4.8.4] AndroidManifest.xml:83:13-37
190        <service
190-->[com.onesignal:OneSignal:4.8.4] AndroidManifest.xml:84:9-87:72
191            android:name="com.onesignal.FCMIntentJobService"
191-->[com.onesignal:OneSignal:4.8.4] AndroidManifest.xml:85:13-61
192            android:exported="false"
192-->[com.onesignal:OneSignal:4.8.4] AndroidManifest.xml:86:13-37
193            android:permission="android.permission.BIND_JOB_SERVICE" />
193-->[com.onesignal:OneSignal:4.8.4] AndroidManifest.xml:87:13-69
194        <service
194-->[com.onesignal:OneSignal:4.8.4] AndroidManifest.xml:88:9-91:43
195            android:name="com.onesignal.SyncService"
195-->[com.onesignal:OneSignal:4.8.4] AndroidManifest.xml:89:13-53
196            android:exported="false"
196-->[com.onesignal:OneSignal:4.8.4] AndroidManifest.xml:90:13-37
197            android:stopWithTask="true" />
197-->[com.onesignal:OneSignal:4.8.4] AndroidManifest.xml:91:13-40
198        <service
198-->[com.onesignal:OneSignal:4.8.4] AndroidManifest.xml:92:9-95:72
199            android:name="com.onesignal.SyncJobService"
199-->[com.onesignal:OneSignal:4.8.4] AndroidManifest.xml:93:13-56
200            android:exported="false"
200-->[com.onesignal:OneSignal:4.8.4] AndroidManifest.xml:94:13-37
201            android:permission="android.permission.BIND_JOB_SERVICE" />
201-->[com.onesignal:OneSignal:4.8.4] AndroidManifest.xml:95:13-69
202
203        <activity
203-->[com.onesignal:OneSignal:4.8.4] AndroidManifest.xml:97:9-100:75
204            android:name="com.onesignal.PermissionsActivity"
204-->[com.onesignal:OneSignal:4.8.4] AndroidManifest.xml:98:13-61
205            android:exported="false"
205-->[com.onesignal:OneSignal:4.8.4] AndroidManifest.xml:99:13-37
206            android:theme="@android:style/Theme.Translucent.NoTitleBar" />
206-->[com.onesignal:OneSignal:4.8.4] AndroidManifest.xml:100:13-72
207
208        <receiver
208-->[com.onesignal:OneSignal:4.8.4] AndroidManifest.xml:102:9-104:39
209            android:name="com.onesignal.NotificationDismissReceiver"
209-->[com.onesignal:OneSignal:4.8.4] AndroidManifest.xml:103:13-69
210            android:exported="true" />
210-->[com.onesignal:OneSignal:4.8.4] AndroidManifest.xml:104:13-36
211        <receiver
211-->[com.onesignal:OneSignal:4.8.4] AndroidManifest.xml:105:9-112:20
212            android:name="com.onesignal.BootUpReceiver"
212-->[com.onesignal:OneSignal:4.8.4] AndroidManifest.xml:106:13-56
213            android:exported="true" >
213-->[com.onesignal:OneSignal:4.8.4] AndroidManifest.xml:107:13-36
214            <intent-filter>
214-->[com.onesignal:OneSignal:4.8.4] AndroidManifest.xml:108:13-111:29
215                <action android:name="android.intent.action.BOOT_COMPLETED" />
215-->[com.onesignal:OneSignal:4.8.4] AndroidManifest.xml:109:17-79
215-->[com.onesignal:OneSignal:4.8.4] AndroidManifest.xml:109:25-76
216                <action android:name="android.intent.action.QUICKBOOT_POWERON" />
216-->[com.onesignal:OneSignal:4.8.4] AndroidManifest.xml:110:17-82
216-->[com.onesignal:OneSignal:4.8.4] AndroidManifest.xml:110:25-79
217            </intent-filter>
218        </receiver>
219        <receiver
219-->[com.onesignal:OneSignal:4.8.4] AndroidManifest.xml:113:9-119:20
220            android:name="com.onesignal.UpgradeReceiver"
220-->[com.onesignal:OneSignal:4.8.4] AndroidManifest.xml:114:13-57
221            android:exported="true" >
221-->[com.onesignal:OneSignal:4.8.4] AndroidManifest.xml:115:13-36
222            <intent-filter>
222-->[com.onesignal:OneSignal:4.8.4] AndroidManifest.xml:116:13-118:29
223                <action android:name="android.intent.action.MY_PACKAGE_REPLACED" />
223-->[com.onesignal:OneSignal:4.8.4] AndroidManifest.xml:117:17-84
223-->[com.onesignal:OneSignal:4.8.4] AndroidManifest.xml:117:25-81
224            </intent-filter>
225        </receiver>
226
227        <activity
227-->[com.onesignal:OneSignal:4.8.4] AndroidManifest.xml:121:9-127:75
228            android:name="com.onesignal.NotificationOpenedReceiver"
228-->[com.onesignal:OneSignal:4.8.4] AndroidManifest.xml:122:13-68
229            android:excludeFromRecents="true"
229-->[com.onesignal:OneSignal:4.8.4] AndroidManifest.xml:123:13-46
230            android:exported="true"
230-->[com.onesignal:OneSignal:4.8.4] AndroidManifest.xml:124:13-36
231            android:noHistory="true"
231-->[com.onesignal:OneSignal:4.8.4] AndroidManifest.xml:125:13-37
232            android:taskAffinity=""
232-->[com.onesignal:OneSignal:4.8.4] AndroidManifest.xml:126:13-36
233            android:theme="@android:style/Theme.Translucent.NoTitleBar" />
233-->[com.onesignal:OneSignal:4.8.4] AndroidManifest.xml:127:13-72
234        <activity
234-->[com.onesignal:OneSignal:4.8.4] AndroidManifest.xml:128:9-133:75
235            android:name="com.onesignal.NotificationOpenedReceiverAndroid22AndOlder"
235-->[com.onesignal:OneSignal:4.8.4] AndroidManifest.xml:129:13-85
236            android:excludeFromRecents="true"
236-->[com.onesignal:OneSignal:4.8.4] AndroidManifest.xml:130:13-46
237            android:exported="true"
237-->[com.onesignal:OneSignal:4.8.4] AndroidManifest.xml:131:13-36
238            android:noHistory="true"
238-->[com.onesignal:OneSignal:4.8.4] AndroidManifest.xml:132:13-37
239            android:theme="@android:style/Theme.Translucent.NoTitleBar" />
239-->[com.onesignal:OneSignal:4.8.4] AndroidManifest.xml:133:13-72
240
241        <meta-data
241-->[com.github.AnchorFreePartner.hydra-sdk-android:openvpn:3.4.17] AndroidManifest.xml:12:9-14:58
242            android:name="com.anchorfree.vpnsdk.vpn_config.openvpn"
242-->[com.github.AnchorFreePartner.hydra-sdk-android:openvpn:3.4.17] AndroidManifest.xml:13:13-68
243            android:resource="@raw/openvpn_vpn_config" />
243-->[com.github.AnchorFreePartner.hydra-sdk-android:openvpn:3.4.17] AndroidManifest.xml:14:13-55
244        <meta-data
244-->[com.github.AnchorFreePartner.hydra-sdk-android:sdk:3.6.3] AndroidManifest.xml:10:9-12:63
245            android:name="com.anchorfree.sdk.transports"
245-->[com.github.AnchorFreePartner.hydra-sdk-android:sdk:3.6.3] AndroidManifest.xml:11:13-57
246            android:resource="@raw/hydra_transports_config" />
246-->[com.github.AnchorFreePartner.hydra-sdk-android:sdk:3.6.3] AndroidManifest.xml:12:13-60
247        <meta-data
247-->[com.github.AnchorFreePartner.hydra-sdk-android:hydra:3.6.3] AndroidManifest.xml:10:9-12:56
248            android:name="com.anchorfree.vpnsdk.vpn_config.hydra"
248-->[com.github.AnchorFreePartner.hydra-sdk-android:hydra:3.6.3] AndroidManifest.xml:11:13-66
249            android:resource="@raw/hydra_vpn_config" />
249-->[com.github.AnchorFreePartner.hydra-sdk-android:hydra:3.6.3] AndroidManifest.xml:12:13-53
250
251        <provider
251-->[com.github.AnchorFreePartner.hydra-sdk-android:hydra:3.6.3] AndroidManifest.xml:14:9-18:37
252            android:name="com.anchorfree.sdk.HydraTransportInitProvider"
252-->[com.github.AnchorFreePartner.hydra-sdk-android:hydra:3.6.3] AndroidManifest.xml:15:13-73
253            android:authorities="com.aodmone.sormnilan.sdk.transport.hydra"
253-->[com.github.AnchorFreePartner.hydra-sdk-android:hydra:3.6.3] AndroidManifest.xml:16:13-71
254            android:exported="false"
254-->[com.github.AnchorFreePartner.hydra-sdk-android:hydra:3.6.3] AndroidManifest.xml:17:13-37
255            android:initOrder="1" />
255-->[com.github.AnchorFreePartner.hydra-sdk-android:hydra:3.6.3] AndroidManifest.xml:18:13-34
256        <provider
256-->[com.github.AnchorFreePartner.hydra-sdk-android:sdk-core:3.6.3] AndroidManifest.xml:18:9-22:37
257            android:name="com.anchorfree.sdk.DBProvider"
257-->[com.github.AnchorFreePartner.hydra-sdk-android:sdk-core:3.6.3] AndroidManifest.xml:19:13-57
258            android:authorities="com.aodmone.sormnilan.hydra.sdk.db.provider"
258-->[com.github.AnchorFreePartner.hydra-sdk-android:sdk-core:3.6.3] AndroidManifest.xml:20:13-73
259            android:exported="false"
259-->[com.github.AnchorFreePartner.hydra-sdk-android:sdk-core:3.6.3] AndroidManifest.xml:21:13-37
260            android:initOrder="1" />
260-->[com.github.AnchorFreePartner.hydra-sdk-android:sdk-core:3.6.3] AndroidManifest.xml:22:13-34
261
262        <meta-data
262-->[com.github.AnchorFreePartner.hydra-sdk-android:sdk-core:3.6.3] AndroidManifest.xml:24:9-26:55
263            android:name="com.anchorfree.vpnsdk.vpn_config"
263-->[com.github.AnchorFreePartner.hydra-sdk-android:sdk-core:3.6.3] AndroidManifest.xml:25:13-60
264            android:resource="@raw/core_vpn_config" />
264-->[com.github.AnchorFreePartner.hydra-sdk-android:sdk-core:3.6.3] AndroidManifest.xml:26:13-52
265
266        <provider
266-->[com.github.AnchorFreePartner.hydra-sdk-android:sdk-core:3.6.3] AndroidManifest.xml:28:9-32:39
267            android:name="com.anchorfree.sdk.UnifiedSDKInitProviderMain"
267-->[com.github.AnchorFreePartner.hydra-sdk-android:sdk-core:3.6.3] AndroidManifest.xml:29:13-73
268            android:authorities="com.aodmone.sormnilan.anchorfree.sdk.init.provider"
268-->[com.github.AnchorFreePartner.hydra-sdk-android:sdk-core:3.6.3] AndroidManifest.xml:30:13-80
269            android:exported="false"
269-->[com.github.AnchorFreePartner.hydra-sdk-android:sdk-core:3.6.3] AndroidManifest.xml:31:13-37
270            android:initOrder="100" />
270-->[com.github.AnchorFreePartner.hydra-sdk-android:sdk-core:3.6.3] AndroidManifest.xml:32:13-36
271        <provider